#
# There is insufficient memory for the Java Runtime Environment to continue.
# Native memory allocation (mmap) failed to map 67108864 bytes for G1 virtual space
# Possible reasons:
#   The system is out of physical RAM or swap space
#   The process is running with CompressedOops enabled, and the Java Heap may be blocking the growth of the native heap
# Possible solutions:
#   Reduce memory load on the system
#   Increase physical memory or swap space
#   Check if swap backing store is full
#   Decrease Java heap size (-Xmx/-Xms)
#   Decrease number of Java threads
#   Decrease Java thread stack sizes (-Xss)
#   Set larger code cache with -XX:ReservedCodeCacheSize=
#   JVM is running with Unscaled Compressed Oops mode in which the Java heap is
#     placed in the first 4GB address space. The Java Heap base address is the
#     maximum limit for the native heap growth. Please use -XX:HeapBaseMinAddress
#     to set the Java Heap base and to place the Java Heap above 4GB virtual address.
# This output file may be truncated or incomplete.
#
#  Out of Memory Error (os_windows.cpp:3600), pid=9116, tid=12820
#
# JRE version:  (21.0.1+12) (build )
# Java VM: Java HotSpot(TM) 64-Bit Server VM (21.0.1+12-LTS-29, mixed mode, sharing, tiered, compressed oops, compressed class ptrs, g1 gc, windows-amd64)
# No core dump will be written. Minidumps are not enabled by default on client versions of Windows
#

---------------  S U M M A R Y ------------

Command Line: -Dfile.encoding=UTF-8 ASimulatorSystem.Login

Host: Intel(R) Core(TM) i5-4310U CPU @ 2.00GHz, 4 cores, 3G,  Windows 10 , 64 bit Build 19041 (10.0.19041.3636)
Time: Sat Jan 13 03:17:04 2024 Pakistan Standard Time elapsed time: 0.019698 seconds (0d 0h 0m 0s)

---------------  T H R E A D  ---------------

Current thread (0x000001467effd2f0):  JavaThread "Unknown thread" [_thread_in_vm, id=12820, stack(0x0000002d93600000,0x0000002d93700000) (1024K)]

Stack: [0x0000002d93600000,0x0000002d93700000]
Native frames: (J=compiled Java code, j=interpreted, Vv=VM code, C=native code)
V  [jvm.dll+0x6c9029]
V  [jvm.dll+0x854b81]
V  [jvm.dll+0x856e5e]
V  [jvm.dll+0x857543]
V  [jvm.dll+0x280c06]
V  [jvm.dll+0x6c5715]
V  [jvm.dll+0x6ba10a]
V  [jvm.dll+0x3557ea]
V  [jvm.dll+0x35d436]
V  [jvm.dll+0x3ae1be]
V  [jvm.dll+0x3ae468]
V  [jvm.dll+0x3291fc]
V  [jvm.dll+0x329d8b]
V  [jvm.dll+0x81d179]
V  [jvm.dll+0x3bb4f1]
V  [jvm.dll+0x805ae8]
V  [jvm.dll+0x44effe]
V  [jvm.dll+0x450901]
C  [jli.dll+0x52a3]
C  [ucrtbase.dll+0x21bb2]
C  [KERNEL32.DLL+0x17344]
C  [ntdll.dll+0x526b1]


---------------  P R O C E S S  ---------------

Threads class SMR info:
_java_thread_list=0x00007ffb10929b88, length=0, elements={
}

Java Threads: ( => current thread )
Total: 0

Other Threads:
  0x000001467f030220 WorkerThread "GC Thread#0"                     [id=12964, stack(0x0000002d93700000,0x0000002d93800000) (1024K)]
  0x000001467f039000 ConcurrentGCThread "G1 Main Marker"            [id=1128, stack(0x0000002d93800000,0x0000002d93900000) (1024K)]
  0x000001467f03a1b0 WorkerThread "G1 Conc#0"                       [id=7904, stack(0x0000002d93900000,0x0000002d93a00000) (1024K)]

[error occurred during error reporting (printing all threads), id 0xc0000005, EXCEPTION_ACCESS_VIOLATION (0xc0000005) at pc=0x00007ffb1009c2c7]
VM state: not at safepoint (not fully initialized)

VM Mutex/Monitor currently owned by a thread:  ([mutex/lock_event])
[0x00007ffb1099a6f8] Heap_lock - owner thread: 0x000001467effd2f0

Heap address: 0x00000000c1600000, size: 1002 MB, Compressed Oops mode: 32-bit

CDS archive(s) mapped at: [0x0000000000000000-0x0000000000000000-0x0000000000000000), size 0, SharedBaseAddress: 0x0000000800000000, ArchiveRelocationMode: 1.
Narrow klass base: 0x0000000000000000, Narrow klass shift: 0, Narrow klass range: 0x0

GC Precious Log:
 CardTable entry size: 512
 Card Set container configuration: InlinePtr #cards 5 size 8 Array Of Cards #cards 12 size 40 Howl #buckets 4 coarsen threshold 1843 Howl Bitmap #cards 512 size 80 coarsen threshold 460 Card regions per heap region 1 cards per card region 2048

Heap:
 garbage-first heap   total 0K, used 0K [0x00000000c1600000, 0x0000000100000000)
  region size 1024K, 0 young (0K), 0 survivors (0K)

[error occurred during error reporting (printing heap information), id 0xc0000005, EXCEPTION_ACCESS_VIOLATION (0xc0000005) at pc=0x00007ffb10481be9]
GC Heap History (0 events):
No events

Dll operation events (1 events):
Event: 0.011 Loaded shared library C:\Program Files\Java\jdk-21\bin\java.dll

Deoptimization events (0 events):
No events

Classes loaded (0 events):
No events

Classes unloaded (0 events):
No events

Classes redefined (0 events):
No events

Internal exceptions (0 events):
No events

ZGC Phase Switch (0 events):
No events

VM Operations (0 events):
No events

Events (0 events):
No events


Dynamic libraries:
0x00007ff6b85b0000 - 0x00007ff6b85c0000 	C:\Program Files\Java\jdk-21\bin\java.exe
0x00007ffb65e90000 - 0x00007ffb66088000 	C:\WINDOWS\SYSTEM32\ntdll.dll
0x00007ffb64d10000 - 0x00007ffb64dcd000 	C:\WINDOWS\System32\KERNEL32.DLL
0x00007ffb63be0000 - 0x00007ffb63ed6000 	C:\WINDOWS\System32\KERNELBASE.dll
0x00007ffb63ab0000 - 0x00007ffb63bb0000 	C:\WINDOWS\System32\ucrtbase.dll
0x00007ffb5bbd0000 - 0x00007ffb5bbeb000 	C:\Program Files\Java\jdk-21\bin\VCRUNTIME140.dll
0x00007ffb4e600000 - 0x00007ffb4e619000 	C:\Program Files\Java\jdk-21\bin\jli.dll
0x00007ffb645c0000 - 0x00007ffb64673000 	C:\WINDOWS\System32\ADVAPI32.dll
0x00007ffb64020000 - 0x00007ffb640be000 	C:\WINDOWS\System32\msvcrt.dll
0x00007ffb65a20000 - 0x00007ffb65abf000 	C:\WINDOWS\System32\sechost.dll
0x00007ffb646e0000 - 0x00007ffb64806000 	C:\WINDOWS\System32\RPCRT4.dll
0x00007ffb63850000 - 0x00007ffb63877000 	C:\WINDOWS\System32\bcrypt.dll
0x00007ffb65bf0000 - 0x00007ffb65d8e000 	C:\WINDOWS\System32\USER32.dll
0x00007ffb63bb0000 - 0x00007ffb63bd2000 	C:\WINDOWS\System32\win32u.dll
0x00007ffb658b0000 - 0x00007ffb658dc000 	C:\WINDOWS\System32\GDI32.dll
0x00007ffb636c0000 - 0x00007ffb637da000 	C:\WINDOWS\System32\gdi32full.dll
0x00007ffb638d0000 - 0x00007ffb6396d000 	C:\WINDOWS\System32\msvcp_win.dll
0x00007ffb595d0000 - 0x00007ffb5986a000 	C:\WINDOWS\WinSxS\amd64_microsoft.windows.common-controls_6595b64144ccf1df_6.0.19041.3636_none_60b6a03d71f818d5\COMCTL32.dll
0x00007ffb59b50000 - 0x00007ffb59b5a000 	C:\WINDOWS\SYSTEM32\VERSION.dll
0x00007ffb64590000 - 0x00007ffb645c0000 	C:\WINDOWS\System32\IMM32.DLL
0x00007ffb5e4e0000 - 0x00007ffb5e4ec000 	C:\Program Files\Java\jdk-21\bin\vcruntime140_1.dll
0x00007ffb37320000 - 0x00007ffb373ae000 	C:\Program Files\Java\jdk-21\bin\msvcp140.dll
0x00007ffb0fd60000 - 0x00007ffb10a75000 	C:\Program Files\Java\jdk-21\bin\server\jvm.dll
0x00007ffb650f0000 - 0x00007ffb6515b000 	C:\WINDOWS\System32\WS2_32.dll
0x00007ffb62ab0000 - 0x00007ffb62afb000 	C:\WINDOWS\SYSTEM32\POWRPROF.dll
0x00007ffb59d20000 - 0x00007ffb59d47000 	C:\WINDOWS\SYSTEM32\WINMM.dll
0x00007ffb62970000 - 0x00007ffb62982000 	C:\WINDOWS\SYSTEM32\UMPDC.dll
0x00007ffb61410000 - 0x00007ffb61422000 	C:\WINDOWS\SYSTEM32\kernel.appcore.dll
0x00007ffb5e380000 - 0x00007ffb5e38a000 	C:\Program Files\Java\jdk-21\bin\jimage.dll
0x00007ffb5c3d0000 - 0x00007ffb5c5b4000 	C:\WINDOWS\SYSTEM32\DBGHELP.DLL
0x00007ffb5c360000 - 0x00007ffb5c394000 	C:\WINDOWS\SYSTEM32\dbgcore.DLL
0x00007ffb63970000 - 0x00007ffb639f2000 	C:\WINDOWS\System32\bcryptPrimitives.dll
0x00007ffb5bbb0000 - 0x00007ffb5bbcf000 	C:\Program Files\Java\jdk-21\bin\java.dll

dbghelp: loaded successfully - version: 4.0.5 - missing functions: none
symbol engine: initialized successfully - sym options: 0x614 - pdb path: .;C:\Program Files\Java\jdk-21\bin;C:\WINDOWS\SYSTEM32;C:\WINDOWS\WinSxS\amd64_microsoft.windows.common-controls_6595b64144ccf1df_6.0.19041.3636_none_60b6a03d71f818d5;C:\Program Files\Java\jdk-21\bin\server

VM Arguments:
jvm_args: -Dfile.encoding=UTF-8 
java_command: ASimulatorSystem.Login
java_class_path (initial): C:\Users\arif wazir\Desktop\mysql-connector-j-8.2.0\mysql-connector-j-8.2.0.jar;D:\study\ATM-Simulator-System-master\ATM-Simulator-System\build\classes
Launcher Type: SUN_STANDARD

[Global flags]
     intx CICompilerCount                          = 3                                         {product} {ergonomic}
     uint ConcGCThreads                            = 1                                         {product} {ergonomic}
     uint G1ConcRefinementThreads                  = 4                                         {product} {ergonomic}
   size_t G1HeapRegionSize                         = 1048576                                   {product} {ergonomic}
    uintx GCDrainStackTargetSize                   = 64                                        {product} {ergonomic}
   size_t InitialHeapSize                          = 67108864                                  {product} {ergonomic}
   size_t MarkStackSize                            = 4194304                                   {product} {ergonomic}
   size_t MaxHeapSize                              = 1050673152                                {product} {ergonomic}
   size_t MinHeapDeltaBytes                        = 1048576                                   {product} {ergonomic}
   size_t MinHeapSize                              = 8388608                                   {product} {ergonomic}
    uintx NonNMethodCodeHeapSize                   = 5832780                                {pd product} {ergonomic}
    uintx NonProfiledCodeHeapSize                  = 122912730                              {pd product} {ergonomic}
    uintx ProfiledCodeHeapSize                     = 122912730                              {pd product} {ergonomic}
    uintx ReservedCodeCacheSize                    = 251658240                              {pd product} {ergonomic}
     bool SegmentedCodeCache                       = true                                      {product} {ergonomic}
   size_t SoftMaxHeapSize                          = 1050673152                             {manageable} {ergonomic}
     bool UseCompressedOops                        = true                           {product lp64_product} {ergonomic}
     bool UseG1GC                                  = true                                      {product} {ergonomic}
     bool UseLargePagesIndividualAllocation        = false                                  {pd product} {ergonomic}

Logging:
Log output configuration:
 #0: stdout all=warning uptime,level,tags foldmultilines=false
 #1: stderr all=off uptime,level,tags foldmultilines=false

Environment Variables:
JAVA_HOME=C:\Program Files\Java\jdk-21
CLASSPATH=C:\Program Files\mysql-connector-j-8.2.0.jar;.;C:\Program Files\NetBeans 7.2.1\bin;
PATH=C:\Program Files\Common Files\Oracle\Java\javapath;C:\WINDOWS\system32;C:\WINDOWS;C:\WINDOWS\System32\Wbem;C:\WINDOWS\System32\WindowsPowerShell\v1.0\;C:\WINDOWS\System32\OpenSSH\;D:\Git\cmd;C:\Program Files\Java\jdk1.7.0_09\bin;C:\Program Files\Java\jdk-21\bin;C:\Program Files\MySQL\MySQL Shell 8.0\bin\;C:\Users\arif wazir\AppData\Local\Microsoft\WindowsApps;C:\Users\arif wazir\AppData\Local\Programs\Microsoft VS Code\bin;C:\Program Files\MySQL\MySQL Server 8.0\bin;
USERNAME=arif wazir
OS=Windows_NT
PROCESSOR_IDENTIFIER=Intel64 Family 6 Model 69 Stepping 1, GenuineIntel
TMP=C:\Users\ARIFWA~1\AppData\Local\Temp
TEMP=C:\Users\ARIFWA~1\AppData\Local\Temp




Periodic native trim disabled

---------------  S Y S T E M  ---------------

OS:
 Windows 10 , 64 bit Build 19041 (10.0.19041.3636)
OS uptime: 1 days 23:44 hours

CPU: total 4 (initial active 4) (2 cores per cpu, 2 threads per core) family 6 model 69 stepping 1 microcode 0x25, cx8, cmov, fxsr, ht, mmx, sse, sse2, sse3, ssse3, sse4.1, sse4.2, popcnt, lzcnt, tsc, tscinvbit, avx, avx2, aes, erms, clmul, bmi1, bmi2, fma, vzeroupper, clflush, rdtscp, f16c
Processor Information for all 4 processors :
  Max Mhz: 2601, Current Mhz: 2601, Mhz Limit: 2601

Memory: 4k page, system-wide physical 4001M (412M free)
TotalPageFile size 10765M (AvailPageFile size 27M)
current process WorkingSet (physical memory assigned to process): 10M, peak: 10M
current process commit charge ("private bytes"): 51M, peak: 115M

vm_info: Java HotSpot(TM) 64-Bit Server VM (21.0.1+12-LTS-29) for windows-amd64 JRE (21.0.1+12-LTS-29), built on 2023-10-05T13:27:09Z by "mach5one" with MS VC++ 17.1 (VS2022)

END.
